C:\Users\Nikita\Desktop\QPoster\QPoster\ClientApp\dist\out-tsc\src\app\app.component.js
C:\Users\Nikita\Desktop\QPoster\QPoster\ClientApp\dist\out-tsc\src\app\app.component.js.map
C:\Users\Nikita\Desktop\QPoster\QPoster\ClientApp\dist\out-tsc\src\app\models\getTransactionModel.js
C:\Users\Nikita\Desktop\QPoster\QPoster\ClientApp\dist\out-tsc\src\app\models\getTransactionModel.js.map
C:\Users\Nikita\Desktop\QPoster\QPoster\ClientApp\dist\out-tsc\src\app\services\http\transaction.service.js
C:\Users\Nikita\Desktop\QPoster\QPoster\ClientApp\dist\out-tsc\src\app\services\http\transaction.service.js.map
C:\Users\Nikita\Desktop\QPoster\QPoster\ClientApp\dist\out-tsc\src\app\components\guest-count-dialog\guest-count-dialog.component.js
C:\Users\Nikita\Desktop\QPoster\QPoster\ClientApp\dist\out-tsc\src\app\components\guest-count-dialog\guest-count-dialog.component.js.map
C:\Users\Nikita\Desktop\QPoster\QPoster\ClientApp\dist\out-tsc\src\app\layouts\start-page\start-page.component.js
C:\Users\Nikita\Desktop\QPoster\QPoster\ClientApp\dist\out-tsc\src\app\layouts\start-page\start-page.component.js.map
C:\Users\Nikita\Desktop\QPoster\QPoster\ClientApp\dist\out-tsc\src\app\components\wrong-url\wrong-url.component.js
C:\Users\Nikita\Desktop\QPoster\QPoster\ClientApp\dist\out-tsc\src\app\components\wrong-url\wrong-url.component.js.map
C:\Users\Nikita\Desktop\QPoster\QPoster\ClientApp\dist\out-tsc\src\app\components\wrong-url\wrong-url.module.js
C:\Users\Nikita\Desktop\QPoster\QPoster\ClientApp\dist\out-tsc\src\app\components\wrong-url\wrong-url.module.js.map
C:\Users\Nikita\Desktop\QPoster\QPoster\ClientApp\dist\out-tsc\src\app\layouts\start-page\start-page.module.js
C:\Users\Nikita\Desktop\QPoster\QPoster\ClientApp\dist\out-tsc\src\app\layouts\start-page\start-page.module.js.map
C:\Users\Nikita\Desktop\QPoster\QPoster\ClientApp\dist\out-tsc\src\app\services\about-service.service.js
C:\Users\Nikita\Desktop\QPoster\QPoster\ClientApp\dist\out-tsc\src\app\services\about-service.service.js.map
C:\Users\Nikita\Desktop\QPoster\QPoster\ClientApp\dist\out-tsc\src\app\models\ICompanyNameOrLogo.js
C:\Users\Nikita\Desktop\QPoster\QPoster\ClientApp\dist\out-tsc\src\app\models\ICompanyNameOrLogo.js.map
C:\Users\Nikita\Desktop\QPoster\QPoster\ClientApp\dist\out-tsc\src\app\services\local\categories.service.js
C:\Users\Nikita\Desktop\QPoster\QPoster\ClientApp\dist\out-tsc\src\app\services\local\categories.service.js.map
C:\Users\Nikita\Desktop\QPoster\QPoster\ClientApp\dist\out-tsc\src\app\layouts\main\main.component.js
C:\Users\Nikita\Desktop\QPoster\QPoster\ClientApp\dist\out-tsc\src\app\layouts\main\main.component.js.map
C:\Users\Nikita\Desktop\QPoster\QPoster\ClientApp\dist\out-tsc\src\app\layouts\about\about.component.js
C:\Users\Nikita\Desktop\QPoster\QPoster\ClientApp\dist\out-tsc\src\app\layouts\about\about.component.js.map
C:\Users\Nikita\Desktop\QPoster\QPoster\ClientApp\dist\out-tsc\src\app\models\ICategory.js
C:\Users\Nikita\Desktop\QPoster\QPoster\ClientApp\dist\out-tsc\src\app\models\ICategory.js.map
C:\Users\Nikita\Desktop\QPoster\QPoster\ClientApp\dist\out-tsc\src\app\models\IPrice.js
C:\Users\Nikita\Desktop\QPoster\QPoster\ClientApp\dist\out-tsc\src\app\models\IPrice.js.map
C:\Users\Nikita\Desktop\QPoster\QPoster\ClientApp\dist\out-tsc\src\app\models\IProduct.js
C:\Users\Nikita\Desktop\QPoster\QPoster\ClientApp\dist\out-tsc\src\app\models\IProduct.js.map
C:\Users\Nikita\Desktop\QPoster\QPoster\ClientApp\dist\out-tsc\src\app\services\menu.service.js
C:\Users\Nikita\Desktop\QPoster\QPoster\ClientApp\dist\out-tsc\src\app\services\menu.service.js.map
C:\Users\Nikita\Desktop\QPoster\QPoster\ClientApp\dist\out-tsc\src\app\layouts\categories\categories.component.js
C:\Users\Nikita\Desktop\QPoster\QPoster\ClientApp\dist\out-tsc\src\app\layouts\categories\categories.component.js.map
C:\Users\Nikita\Desktop\QPoster\QPoster\ClientApp\dist\out-tsc\src\app\components\category\category.component.js
C:\Users\Nikita\Desktop\QPoster\QPoster\ClientApp\dist\out-tsc\src\app\components\category\category.component.js.map
C:\Users\Nikita\Desktop\QPoster\QPoster\ClientApp\dist\out-tsc\src\app\components\product\product.component.js
C:\Users\Nikita\Desktop\QPoster\QPoster\ClientApp\dist\out-tsc\src\app\components\product\product.component.js.map
C:\Users\Nikita\Desktop\QPoster\QPoster\ClientApp\dist\out-tsc\src\app\app.module.js
C:\Users\Nikita\Desktop\QPoster\QPoster\ClientApp\dist\out-tsc\src\app\app.module.js.map
C:\Users\Nikita\Desktop\QPoster\QPoster\ClientApp\dist\out-tsc\src\environments\environment.js
C:\Users\Nikita\Desktop\QPoster\QPoster\ClientApp\dist\out-tsc\src\environments\environment.js.map
C:\Users\Nikita\Desktop\QPoster\QPoster\ClientApp\dist\out-tsc\src\main.js
C:\Users\Nikita\Desktop\QPoster\QPoster\ClientApp\dist\out-tsc\src\main.js.map
C:\Users\Nikita\Desktop\QPoster\QPoster\ClientApp\dist\out-tsc\src\polyfills.js
C:\Users\Nikita\Desktop\QPoster\QPoster\ClientApp\dist\out-tsc\src\polyfills.js.map
C:\Users\Nikita\Desktop\QPoster\QPoster\ClientApp\dist\out-tsc\src\test.js
C:\Users\Nikita\Desktop\QPoster\QPoster\ClientApp\dist\out-tsc\src\test.js.map
C:\Users\Nikita\Desktop\QPoster\QPoster\ClientApp\dist\out-tsc\e2e\src\app.po.js
C:\Users\Nikita\Desktop\QPoster\QPoster\ClientApp\dist\out-tsc\e2e\src\app.po.js.map
C:\Users\Nikita\Desktop\QPoster\QPoster\ClientApp\dist\out-tsc\e2e\src\app.e2e-spec.js
C:\Users\Nikita\Desktop\QPoster\QPoster\ClientApp\dist\out-tsc\e2e\src\app.e2e-spec.js.map
C:\Users\Nikita\Desktop\QPoster\QPoster\ClientApp\dist\out-tsc\src\environments\environment.prod.js
C:\Users\Nikita\Desktop\QPoster\QPoster\ClientApp\dist\out-tsc\src\environments\environment.prod.js.map
C:\Users\Nikita\Desktop\QPoster\QPoster\ClientApp\dist\out-tsc\src\app\services\about-service.service.spec.js
C:\Users\Nikita\Desktop\QPoster\QPoster\ClientApp\dist\out-tsc\src\app\services\about-service.service.spec.js.map
C:\Users\Nikita\Desktop\QPoster\QPoster\ClientApp\dist\out-tsc\src\app\services\menu.service.spec.js
C:\Users\Nikita\Desktop\QPoster\QPoster\ClientApp\dist\out-tsc\src\app\services\menu.service.spec.js.map
C:\Users\Nikita\Desktop\QPoster\QPoster\ClientApp\dist\out-tsc\src\app\components\category\category.component.spec.js
C:\Users\Nikita\Desktop\QPoster\QPoster\ClientApp\dist\out-tsc\src\app\components\category\category.component.spec.js.map
C:\Users\Nikita\Desktop\QPoster\QPoster\ClientApp\dist\out-tsc\src\app\components\product\product.component.spec.js
C:\Users\Nikita\Desktop\QPoster\QPoster\ClientApp\dist\out-tsc\src\app\components\product\product.component.spec.js.map
C:\Users\Nikita\Desktop\QPoster\QPoster\ClientApp\dist\out-tsc\src\app\layouts\about\about.component.spec.js
C:\Users\Nikita\Desktop\QPoster\QPoster\ClientApp\dist\out-tsc\src\app\layouts\about\about.component.spec.js.map
C:\Users\Nikita\Desktop\QPoster\QPoster\ClientApp\dist\out-tsc\src\app\layouts\categories\categories.component.spec.js
C:\Users\Nikita\Desktop\QPoster\QPoster\ClientApp\dist\out-tsc\src\app\layouts\categories\categories.component.spec.js.map
C:\Users\Nikita\Desktop\QPoster\QPoster\ClientApp\dist\out-tsc\src\app\layouts\main\main.component.spec.js
C:\Users\Nikita\Desktop\QPoster\QPoster\ClientApp\dist\out-tsc\src\app\layouts\main\main.component.spec.js.map
